Case #1:
0.5
0.5
0.5
Case #2:
0.645833333333
0.368055555556
0.604166666667
0.395833333333
Case #3:
0.625
0.622474747475
0.619949494949
0.617424242424
0.614898989899
0.612373737374
0.609848484848
0.607323232323
0.604797979798
0.602272727273
0.599747474747
0.597222222222
0.594696969697
0.592171717172
0.589646464646
0.587121212121
0.584595959596
0.582070707071
0.579545454545
0.57702020202
0.574494949495
0.57196969697
0.569444444444
0.566919191919
0.564393939394
0.561868686869
0.559343434343
0.556818181818
0.554292929293
0.551767676768
0.549242424242
0.546717171717
0.544191919192
0.541666666667
0.539141414141
0.536616161616
0.534090909091
0.531565656566
0.52904040404
0.526515151515
0.52398989899
0.521464646465
0.518939393939
0.516414141414
0.513888888889
0.511363636364
0.508838383838
0.506313131313
0.503787878788
0.501262626263
0.498737373737
0.496212121212
0.493686868687
0.491161616162
0.488636363636
0.486111111111
0.483585858586
0.481060606061
0.478535353535
0.47601010101
0.473484848485
0.47095959596
0.468434343434
0.465909090909
0.463383838384
0.460858585859
0.458333333333
0.455808080808
0.453282828283
0.450757575758
0.448232323232
0.445707070707
0.443181818182
0.440656565657
0.438131313131
0.435606060606
0.433080808081
0.430555555556
0.42803030303
0.425505050505
0.42297979798
0.420454545455
0.417929292929
0.415404040404
0.412878787879
0.410353535354
0.407828282828
0.405303030303
0.402777777778
0.400252525253
0.397727272727
0.395202020202
0.392676767677
0.390151515152
0.387626262626
0.385101010101
0.382575757576
0.380050505051
0.377525252525
0.375
Case #4:
0.457990580848
0.491146869004
0.541323914181
0.541500959358
0.491323914181
0.504931972789
0.491500959358
0.507990580848
0.557990580848
0.441323914181
0.464115646259
0.491323914181
0.524834292691
0.557990580848
0.524657247514
0.407990580848
Case #5:
0.448036635761
0.498137048291
0.555562031752
0.53390041196
0.505877303275
0.449382252834
0.532027918105
0.533775473206
0.518968117939
0.476764452895
0.537411574699
0.447681925194
0.426707109193
0.47059190437
0.418108801655
0.529182341225
0.425773847997
0.536362681801
0.548841836062
0.484289990379
0.458777750202
0.5171195545
0.40061525249
0.472900233509
0.559462013375
0.523153532143
0.451275251774
0.541041922109
0.522561172728
0.50685988408
0.535373494104
0.497539392648
0.533200613103
0.532210321525
0.45399188211
0.375073797476
0.534398582783
0.532855434851
0.429960990469
0.551035237903
0.492058959938
0.515512997708
0.501112838524
0.55814589442
0.498073919423
0.48375251173
0.541688776605
0.438405024114
0.469795951477
0.528679203641
0.450719516871
0.524189869542
0.527321237189
0.470297949912
0.537800610373
0.519695735937
0.502211358146
0.432176987339
0.597238815088
0.459458710409
0.516663680643
0.523076574544
0.552185935333
0.461627939093
0.528107597087
0.505060856134
0.491341399581
0.495023557513
0.556815688923
0.499948976305
0.528989157457
0.559357008551
0.49496740784
0.421002774348
0.445330593423
0.502028825638
0.492601694629
0.44349449698
0.424289931301
0.498066581425
0.559090773662
0.494410840392
0.504557869071
0.444959695968
0.521411850312
0.476717646854
0.496666761689
0.506328379294
0.444423673099
0.492427703901
0.488213991905
0.558696153602
0.581741626087
0.520251795511
0.571300536304
0.520500541723
0.513325052756
0.529528577895
0.47769644965
Case #6:
0.377525252525
0.430555555556
0.546717171717
0.604797979798
0.619949494949
0.625
0.531565656566
0.589646464646
0.498737373737
0.375
0.460858585859
0.57702020202
0.622474747475
0.435606060606
0.438131313131
0.382575757576
0.385101010101
0.549242424242
0.561868686869
0.594696969697
0.47095959596
0.455808080808
0.584595959596
0.491161616162
0.395202020202
0.463383838384
0.478535353535
0.592171717172
0.481060606061
0.607323232323
0.518939393939
0.400252525253
0.405303030303
0.539141414141
0.493686868687
0.465909090909
0.559343434343
0.407828282828
0.503787878788
0.380050505051
0.556818181818
0.392676767677
0.453282828283
0.579545454545
0.450757575758
0.513888888889
0.501262626263
0.445707070707
0.387626262626
0.521464646465
0.397727272727
0.617424242424
0.42297979798
0.486111111111
0.564393939394
0.47601010101
0.52904040404
0.440656565657
0.612373737374
0.574494949495
0.52398989899
0.468434343434
0.496212121212
0.506313131313
0.42803030303
0.516414141414
0.483585858586
0.412878787879
0.420454545455
0.609848484848
0.566919191919
0.526515151515
0.415404040404
0.551767676768
0.57196969697
0.544191919192
0.599747474747
0.417929292929
0.458333333333
0.597222222222
0.448232323232
0.554292929293
0.443181818182
0.541666666667
0.488636363636
0.614898989899
0.402777777778
0.425505050505
0.569444444444
0.511363636364
0.508838383838
0.582070707071
0.587121212121
0.433080808081
0.410353535354
0.602272727273
0.473484848485
0.390151515152
0.536616161616
0.534090909091
Case #7:
0.521631320961
0.535292843612
0.454383248987
0.510291101794
0.530552321382
0.480318506759
0.504308221234
0.542829204313
0.504495325232
0.533450179322
0.512921981589
0.525044686721
0.509896057664
0.477169940392
0.504217257068
0.468788480162
0.510126784608
0.526861126784
0.414296507021
0.528603306572
0.528632548428
0.462884206101
0.407274882418
0.441717652693
0.516265407503
0.378616520256
0.5368614519
0.531385050132
0.504101351613
0.531502402415
0.561198778715
0.518307189484
0.453080593987
0.472314460502
0.496412067857
0.562036700933
0.471391237401
0.4214713274
0.44361931849
0.518444636132
0.444332795816
0.538864830628
0.445962119279
0.546621275613
0.557519669026
0.541661579541
0.392214392674
0.538822448687
0.443240933973
0.553343530719
0.54168163866
0.53156492354
0.511299632647
0.503802072731
0.509244016534
0.490649318746
0.541258353197
0.43592255722
0.540995386861
0.575071322003
0.518837646932
0.516843012225
0.50677914551
0.454832104838
0.459990818345
Case #8:
0.536504801708
0.506779067229
0.546988057999
0.530972886761
0.494117685516
0.541639490788
0.458425527606
0.443494470756
0.470012617848
0.50972819366
0.453251862838
0.447298766518
0.545831401757
0.477430372344
0.486613587976
0.516486932081
0.408494130834
0.492504412752
0.495587361053
0.556644770403
0.505582439363
0.454504517866
0.44802775131
0.45807936729
0.519196065096
0.544381858601
0.499969222033
0.52240836759
0.502666928175
0.549897275132
0.494764539893
0.539387224795
0.477240972313
0.524247448332
0.47859355281
0.46474117245
0.500930327055
0.558594573192
0.543137019166
0.519053285667
0.525840753893
0.490453482388
0.521489943445
0.552834185335
0.477942988723
0.52421570451
0.49295636344
0.458554394426
0.529357793413
0.476437979671
0.511283732397
0.461986155893
0.481874474922
0.519976728619
0.435923001434
0.527296853041
0.521851336834
0.542747792491
0.50462126965
0.497714538571
0.524071429884
0.556877128433
0.469319050069
0.42361525074
0.509058626012
0.4651992194
0.527228356357
0.517334634125
0.503756470458
0.445851499042
0.546421424907
0.549331328735
0.541194327434
0.535715186581
0.464559202596
0.524688589744
0.482552738388
0.419291636133
0.532706086967
0.537609877281
0.548420513089
0.465329410182
0.514786137401
0.523970686129
0.524143674367
0.4002267446
0.40596874252
0.513967009549
0.491009932764
0.487685777345
0.555997887986
0.540105311068
0.469491873232
0.509277267938
0.534810041657
0.483578792911
0.532454589324
0.476986563672
0.376211959411
0.491715467321
Case #9:
0.435555555556
0.239583333333
0.679166666667
0.550595238095
0.770833333333
0.291666666667
0.363095238095
0.509675925926
0.25
0.354166666667
0.476851851852
0.584895833333
0.3125
0.566666666667
0.666666666667
0.364583333333
0.393518518519
0.395833333333
0.467261904762
0.798611111111
0.411458333333
0.653645833333
0.488095238095
0.53125
0.385763888889
0.552083333333
0.290277777778
0.294560185185
0.474702380952
0.377314814815
0.452777777778
0.442708333333
0.65625
0.631944444444
0.612152777778
0.6875
0.55
0.333333333333
0.515625
0.3125
0.4875
0.458333333333
0.520833333333
0.677083333333
0.538541666667
0.298611111111
0.5
0.3625
0.4375
0.447916666667
0.387152777778
0.595833333333
0.395833333333
0.385416666667
0.448680555556
0.552083333333
0.3125
0.61875
0.3053125
0.520833333333
0.770833333333
0.738095238095
0.234722222222
0.578125
0.510416666667
0.25
0.756944444444
0.548611111111
0.702380952381
0.560416666667
0.729166666667
0.505555555556
0.291666666667
0.326388888889
0.630208333333
0.381944444444
0.96875
0.40625
0.173611111111
0.701388888889
0.654513888889
0.5
0.75
0.375
0.3625
0.515625
0.631944444444
0.390625
0.610694444444
0.6875
0.506944444444
0.614583333333
0.541666666667
0.583333333333
0.55
0.477678571429
0.541666666667
0.478333333333
0.377777777778
0.583333333333
Case #10:
0.464983739658
0.485944778601
0.476967067741
0.449138576935
0.434404990463
0.490517754409
0.650339759585
0.588748896531
0.517329699425
0.510559929654
0.493067772955
0.539170142653
0.521535530179
0.523657204954
0.439104629688
0.473021557917
0.58528390404
0.511851351128
0.490134479718
0.424080906968
0.602659010929
0.584867908629
0.339780700695
0.452121018712
0.55510833798
0.497747287847
0.498859088568
0.459397131323
0.384044118776
0.443879731029
0.510193528694
0.581419097334
0.447833653733
0.397756834916
0.574472196574
0.446285473899
0.412382320874
0.357198351085
0.575585739083
0.525892336206
0.577747778014
0.589081642123
0.480380559727
0.536393180508
0.469202855493
0.541802064027
0.490062050171
0.39808363718
0.525549075456
0.618096127201
0.530363370496
0.481105511752
0.475649396114
0.63380933914
0.457179507702
0.565978363554
0.52108962895
0.348715196657
0.403994580909
0.355125616111
0.528565724399
0.53950905208
0.44017275989
0.48041040399
0.398312567063
0.576805475617
0.450930231122
0.371628904424
0.448391317134
0.49685348602
0.600879393099
0.527360952262
0.483229266546
0.464475046565
0.71332786419
0.549054955899
Case #11:
0.381331633622
0.541909842508
0.507162064386
0.510315834099
0.54729188145
0.55109950495
0.525910996873
0.558749619379
0.555277412283
0.534975455623
0.505395472746
0.505023927699
0.521652070401
0.506188380161
0.479870746592
0.420157406505
0.498041930506
0.471647240161
0.485429652283
0.539617087394
0.461775729871
0.527330907686
0.421258197649
0.533483367182
0.388745027589
0.55285067916
0.534535394481
0.516735179261
0.456317922362
0.45353576307
0.487217233283
0.575129073613
0.518804149023
0.537120820479
0.518500476182
0.559878639518
0.467375959183
0.546638483221
0.512315365323
0.521489605266
0.493972480935
0.484038356304
0.509063964476
0.512762379603
0.500992049873
0.548822398885
0.567617011658
0.525313892189
0.443234165089
0.398092784763
0.495750178226
0.510843094923
0.484815355816
0.488754831364
0.568008282147
0.551242657448
0.556961315683
0.52738089561
0.479987621313
0.450998609484
0.533170321938
0.495103011664
0.427684542785
0.450698529057
0.547846357831
0.52177454707
0.516928532668
0.498246056948
0.519671458819
0.522201126596
0.490894135994
0.397333051357
0.481409066659
0.48703198751
0.469561274682
0.484805198963
0.454628900598
0.505549871704
0.526171137168
0.542659261492
0.521861194725
0.411392958006
0.517830906818
0.49073215488
0.528910223649
0.425983055152
0.516436257508
0.511838744693
0.551966755339
0.543857392719
0.541115858002
0.447845767613
0.465396639717
0.496286277124
0.539365288507
0.515209355818
0.440282125091
0.433457910502
0.441677019059
0.473996329009
Case #12:
0.666666666667
0.277777777778
0.388888888889
0.560185185185
0.565972222222
Case #13:
0.589285714286
0.446428571429
0.446428571429
0.446428571429
0.446428571429
0.446428571429
0.589285714286
0.589285714286
Case #14:
0.5
0.5
0.5
0.5
0.5
0.5
0.5
0.5
0.5
0.5
0.5
0.5
0.5
0.5
0.5
0.5
0.5
0.5
0.5
0.5
0.5
0.5
0.5
0.5
0.5
0.5
0.5
0.5
0.5
0.5
0.5
0.5
0.5
0.5
0.5
0.5
0.5
0.5
0.5
0.5
0.5
0.5
0.5
0.5
0.5
0.5
0.5
0.5
0.5
0.5
0.5
0.5
0.5
0.5
0.5
0.5
0.5
0.5
0.5
0.5
0.5
0.5
0.5
0.5
0.5
0.5
0.5
0.5
0.5
0.5
0.5
0.5
0.5
0.5
0.5
0.5
0.5
0.5
0.5
0.5
0.5
0.5
0.5
0.5
0.5
0.5
0.5
0.5
0.5
0.5
0.5
0.5
0.5
0.5
0.5
0.5
0.5
0.5
0.5
Case #15:
0.482846377277
0.554155243747
0.537234258106
0.56597823244
0.52519365388
0.537849350527
0.567652145053
0.495139262392
0.426504409173
0.550775134056
0.487573299857
0.537624535521
0.458079490716
0.545713726079
0.451310275165
0.539043972096
0.520139792424
0.439281454349
0.573488641196
0.438639964525
0.533830196193
0.511877708815
0.479263836158
0.531484848712
0.411473930818
0.402426585788
0.567084784605
0.503074681022
0.41665316968
0.518081473317
0.504848784582
0.525887939248
0.523581297402
0.537557948964
0.493034015416
0.506964230922
0.456827305833
0.394713784837
0.424491672235
0.525778139755
0.508841809405
0.416129049798
0.55846118632
Case #16:
0.482686820105
0.449859618223
0.521439080914
0.480762817086
0.558170999597
0.508570147758
0.536064345021
0.545795788848
0.512769973479
0.481103434645
0.540064403031
0.449028081543
0.522097811405
0.454922711118
0.556193286019
0.466974886258
0.501404472064
0.465864281468
0.545636109189
0.484955613294
0.507242883359
0.480920872097
0.407413319025
0.484573986515
0.558051618385
0.428119574326
0.548018931846
0.521467671872
0.388157988271
0.456630901912
0.554275002981
0.511833361298
0.497293399099
0.502215449995
0.542354021881
0.426772609044
0.524592901193
0.549929513659
0.541479817013
0.508478583575
0.555346898398
0.583808621245
0.602456123691
0.504813568638
0.452340161592
0.515580296573
0.421823562636
0.543311707332
0.562084387097
0.552207082995
0.527554716865
0.494719188857
0.47823102519
0.48441338032
0.529939746327
0.537906329391
0.519241419375
0.408724400017
0.533679846857
0.507539371266
0.425506083711
0.552384289899
0.435991426207
0.493022758027
0.5474117035
0.532404497606
0.441547519766
0.476352901539
0.525801863451
0.486623137644
0.474346364371
0.477805390635
0.457117432123
0.523583791357
0.549741674559
0.52408971297
0.56301245837
0.489997135525
0.511314424669
0.490807451399
0.496928039194
0.598223477233
0.405958284984
0.436200650838
0.506096096046
0.546339913894
0.52731114625
0.381219515881
0.451685357323
0.550926663788
0.397436602164
0.518075141973
0.501271736125
Case #17:
0.647137896825
0.495838293651
0.483274636243
0.413450727513
0.578571428571
0.548723214286
0.395626417234
0.386191184807
0.551488095238
0.562886904762
0.466889880952
0.579928571429
0.497674437831
0.57275170068
0.446424603175
0.418178146259
0.608012093726
0.568098072562
0.434796469514
Case #18:
0.467943341224
0.481782284686
0.497652493263
0.591852937024
0.492603681631
0.492485294852
0.399711531488
0.436359159436
0.516502220206
0.490747697261
0.382000413302
0.492562857188
0.549019780328
0.470555116044
0.516477473628
0.552821830046
0.57880687002
0.494663194386
0.581984834372
0.595594999727
0.403508416206
0.505353650943
0.512500055846
0.532055205328
0.512788464699
0.523717502005
0.532801095554
0.365676233958
0.517339302854
0.476594205819
0.581919457517
0.471100288249
0.58932325417
0.481428722652
0.511900811088
0.39525234534
0.541684042936
0.382581631186
0.448611145597
0.393988900983
0.488489140049
0.538243786772
0.534949580363
0.48221515336
0.463823100233
0.389472838479
0.486430844063
0.454800490981
0.400851890166
0.486280300061
0.506540180914
0.45449662795
0.488019192472
0.538992859335
0.531726847645
0.543342019005
0.519160512096
0.625996320685
0.576157814492
0.38310415288
0.484406897723
0.616355497713
0.395019418915
0.512911527876
0.552422529152
0.519938020368
0.528042135743
0.39411413563
0.470080637098
0.520014042233
0.477038920761
0.53584178397
0.581117778226
0.594128954437
0.563530704562
0.481184638786
0.508101430649
0.540332980511
0.635657339883
0.439774592084
0.555194334656
0.535011023882
0.384087851667
0.42510105215
0.570065343569
0.497626309103
0.482670800211
0.522444404324
Case #19:
0.493333333333
0.461545634921
0.481646825397
0.571180555556
0.381597222222
0.660416666667
0.554166666667
0.463998015873
0.540795634921
0.693055555556
0.548611111111
0.432777777778
0.50119047619
0.651736111111
0.609236111111
0.281423611111
0.366666666667
0.424751984127
0.34494047619
0.787152777778
0.424781746032
Case #20:
0.681723985891
0.538032407407
0.597813492063
0.507326058201
0.554861111111
0.475987654321
0.473070987654
0.448819444444
0.487268518519
0.427476851852
0.545578703704
0.397086640212
0.47021494709
0.64637345679
0.442156084656
0.407847222222
0.304381613757
0.657407407407
0.533231646825
0.376697530864
0.452805886243
0.484139476778
0.482513227513
0.490266203704
0.525744598765
0.498249834656
0.509036044974
0.455460978836
0.523919753086
