Case #1:
0.5
0.5
0.5
Case #2:
0.645833333333
0.368055555556
0.604166666667
0.395833333333
Case #3:
0.208333333333
0.25
0.520833333333
0.583333333333
0.395833333333
0.722222222222
0.638888888889
Case #4:
0.5
0.5
0.5
0.5
0.5
0.5
0.5
0.5
0.5
Case #5:
0.486111111111
0.513888888889
0.569444444444
0.375
0.458333333333
0.597222222222
0.541666666667
0.430555555556
0.625
0.402777777778
Case #6:
0.567289540816
0.519732851474
0.459287637674
0.570160974112
0.51267766035
0.492322727702
0.456371291572
0.427456571914
0.492322727702
Case #7:
0.410850694444
0.594965277778
0.381927083333
0.388875
0.557916666667
0.577708333333
0.572430555556
0.495
0.485625
0.47890625
Case #8:
0.722222222222
0.620833333333
0.583333333333
0.427083333333
0.4625
0.385416666667
0.295833333333
0.370833333333
0.4625
0.734375
Case #9:
0.225694444444
0.510416666667
0.5625
0.486111111111
0.631076388889
0.536458333333
0.504340277778
0.423611111111
0.486111111111
0.708333333333
Case #10:
0.5
0.536574074074
0.469907407407
0.358506944444
0.571527777778
0.359375
0.384375
0.578645833333
0.675
0.580439814815
Case #11:
0.6875
0.3125
0.6875
0.3125
Case #12:
0
0.1875
0.25
0.5
0.75
0.8125
1
Case #13:
0.569444444444
0.458333333333
0.486111111111
0.458333333333
Case #14:
0.537546808075
0.49080616969
0.582400734599
0.521553996599
0.55380712801
0.34502260825
0.437210648148
0.613280659486
0.43509750042
0.501050608736
Case #15:
0.375
0.5
0.625
Case #16:
0.6875
0.6875
0.3125
0.3125
Case #17:
0.625
0.597222222222
0.569444444444
0.541666666667
0.513888888889
0.486111111111
0.458333333333
0.430555555556
0.402777777778
0.375
Case #18:
0.625
0.5
0.375
Case #19:
0.389756944444
0.452256944444
0.472222222222
0.595486111111
0.611111111111
Case #20:
0.614583333333
0.166666666667
0.739583333333
0.322916666667
0.489583333333
0.739583333333
0.322916666667
